Electric Version 9.07
--------------- 0 --------------
  Sat Jul 21 11:51:46 MSK 2018
Menu Activated: Tools | DCS scripts | tryFilterUI
--------------- 1 --------------
  Sat Jul 21 11:52:11 MSK 2018
Menu Activated: Tools | DCS scripts | 345
--------------- 2 --------------
  Sat Jul 21 11:52:14 MSK 2018
Menu Activated: Tools | DCS scripts | Export keys
--------------- 3 --------------
  Sat Jul 21 11:52:14 MSK 2018
java.lang.NullPointerException
	at com.sun.electric.tool.dcs.Scripts.ExportKeys.formConfigFromScheme(ExportKeys.java:59)
	at com.sun.electric.tool.user.menus.ToolMenu$162.run(ToolMenu.java:1143)
	at com.sun.electric.tool.user.menus.EMenuItem.actionPerformed(EMenuItem.java:375)
	at javax.swing.AbstractButton.fireActionPerformed(AbstractButton.java:2022)
	at javax.swing.AbstractButton$Handler.actionPerformed(AbstractButton.java:2348)
	at javax.swing.DefaultButtonModel.fireActionPerformed(DefaultButtonModel.java:402)
	at javax.swing.DefaultButtonModel.setPressed(DefaultButtonModel.java:259)
	at javax.swing.AbstractButton.doClick(AbstractButton.java:376)
	at javax.swing.plaf.basic.BasicMenuItemUI.doClick(BasicMenuItemUI.java:842)
	at javax.swing.plaf.basic.BasicMenuItemUI$Handler.mouseReleased(BasicMenuItemUI.java:886)
	at java.awt.Component.processMouseEvent(Component.java:6533)
	at javax.swing.JComponent.processMouseEvent(JComponent.java:3324)
	at java.awt.Component.processEvent(Component.java:6298)
	at java.awt.Container.processEvent(Container.java:2237)
	at java.awt.Component.dispatchEventImpl(Component.java:4889)
	at java.awt.Container.dispatchEventImpl(Container.java:2295)
	at java.awt.Component.dispatchEvent(Component.java:4711)
	at java.awt.LightweightDispatcher.retargetMouseEvent(Container.java:4889)
	at java.awt.LightweightDispatcher.processMouseEvent(Container.java:4526)
	at java.awt.LightweightDispatcher.dispatchEvent(Container.java:4467)
	at java.awt.Container.dispatchEventImpl(Container.java:2281)
	at java.awt.Window.dispatchEventImpl(Window.java:2746)
	at java.awt.Component.dispatchEvent(Component.java:4711)
	at java.awt.EventQueue.dispatchEventImpl(EventQueue.java:758)
	at java.awt.EventQueue.access$500(EventQueue.java:97)
	at java.awt.EventQueue$3.run(EventQueue.java:709)
	at java.awt.EventQueue$3.run(EventQueue.java:703)
	at java.security.AccessController.doPrivileged(Native Method)
	at java.security.ProtectionDomain$JavaSecurityAccessImpl.doIntersectionPrivilege(ProtectionDomain.java:80)
	at java.security.ProtectionDomain$JavaSecurityAccessImpl.doIntersectionPrivilege(ProtectionDomain.java:90)
	at java.awt.EventQueue$4.run(EventQueue.java:731)
	at java.awt.EventQueue$4.run(EventQueue.java:729)
	at java.security.AccessController.doPrivileged(Native Method)
	at java.security.ProtectionDomain$JavaSecurityAccessImpl.doIntersectionPrivilege(ProtectionDomain.java:80)
	at java.awt.EventQueue.dispatchEvent(EventQueue.java:728)
	at com.sun.electric.tool.user.UserInterfaceMain$2.dispatchEvent(UserInterfaceMain.java:156)
	at java.awt.EventDispatchThread.pumpOneEventForFilters(EventDispatchThread.java:201)
	at java.awt.EventDispatchThread.pumpEventsForFilter(EventDispatchThread.java:116)
	at java.awt.EventDispatchThread.pumpEventsForHierarchy(EventDispatchThread.java:105)
	at java.awt.EventDispatchThread.pumpEvents(EventDispatchThread.java:101)
	at java.awt.EventDispatchThread.pumpEvents(EventDispatchThread.java:93)
	at java.awt.EventDispatchThread.run(EventDispatchThread.java:82)
--------------- 4 --------------
  Sat Jul 21 11:53:41 MSK 2018
Menu Activated: /C:/dcsEle/Projects/5400TP094_16052018/5400TP094.jelib
--------------- 5 --------------
  Sat Jul 21 11:53:49 MSK 2018
Menu Activated: File | Open Library...
--------------- 6 --------------
  Sat Jul 21 11:54:04 MSK 2018
Menu Activated: Cell | Down Hierarchy | Down Hierarchy In Place
--------------- 7 --------------
  Sat Jul 21 11:54:04 MSK 2018
ProcessKeyBinding 400 when=1532163244774 modifiers=0 code=0 char=64(d) false false
--------------- 8 --------------
  Sat Jul 21 11:54:05 MSK 2018
Menu Activated: Window | Zoom In
--------------- 9 --------------
  Sat Jul 21 11:54:05 MSK 2018
ProcessKeyBinding 400 when=1532163245157 modifiers=0 code=0 char=65(e) false false
--------------- 10 --------------
  Sat Jul 21 11:54:05 MSK 2018
Menu Activated: Window | Zoom In
--------------- 11 --------------
  Sat Jul 21 11:54:05 MSK 2018
ProcessKeyBinding 400 when=1532163245429 modifiers=0 code=0 char=65(e) false false
--------------- 12 --------------
  Sat Jul 21 11:54:05 MSK 2018
Menu Activated: Window | Zoom In
--------------- 13 --------------
  Sat Jul 21 11:54:05 MSK 2018
ProcessKeyBinding 400 when=1532163245925 modifiers=0 code=0 char=65(e) false false
--------------- 14 --------------
  Sat Jul 21 11:54:06 MSK 2018
Menu Activated: Window | Zoom In
--------------- 15 --------------
  Sat Jul 21 11:54:06 MSK 2018
ProcessKeyBinding 400 when=1532163246573 modifiers=0 code=0 char=65(e) false false
--------------- 16 --------------
  Sat Jul 21 11:54:06 MSK 2018
Menu Activated: Window | Zoom In
--------------- 17 --------------
  Sat Jul 21 11:54:06 MSK 2018
ProcessKeyBinding 400 when=1532163246917 modifiers=0 code=0 char=65(e) false false
--------------- 18 --------------
  Sat Jul 21 11:54:10 MSK 2018
Menu Activated: Window | Zoom Out
--------------- 19 --------------
  Sat Jul 21 11:54:10 MSK 2018
ProcessKeyBinding 400 when=1532163250597 modifiers=0 code=0 char=77(w) false false
--------------- 20 --------------
  Sat Jul 21 11:54:10 MSK 2018
Menu Activated: Window | Zoom Out
--------------- 21 --------------
  Sat Jul 21 11:54:10 MSK 2018
ProcessKeyBinding 400 when=1532163250789 modifiers=0 code=0 char=77(w) false false
--------------- 22 --------------
  Sat Jul 21 11:54:10 MSK 2018
Menu Activated: Window | Zoom Out
--------------- 23 --------------
  Sat Jul 21 11:54:10 MSK 2018
ProcessKeyBinding 400 when=1532163250989 modifiers=0 code=0 char=77(w) false false
--------------- 24 --------------
  Sat Jul 21 11:54:11 MSK 2018
Menu Activated: Window | Zoom Out
--------------- 25 --------------
  Sat Jul 21 11:54:11 MSK 2018
ProcessKeyBinding 400 when=1532163251205 modifiers=0 code=0 char=77(w) false false
--------------- 26 --------------
  Sat Jul 21 11:54:12 MSK 2018
Menu Activated: Window | Zoom In
--------------- 27 --------------
  Sat Jul 21 11:54:12 MSK 2018
ProcessKeyBinding 400 when=1532163252517 modifiers=0 code=0 char=65(e) false false
--------------- 28 --------------
  Sat Jul 21 11:54:12 MSK 2018
Menu Activated: Window | Zoom In
--------------- 29 --------------
  Sat Jul 21 11:54:12 MSK 2018
ProcessKeyBinding 400 when=1532163252709 modifiers=0 code=0 char=65(e) false false
--------------- 30 --------------
  Sat Jul 21 11:54:13 MSK 2018
Menu Activated: Window | Zoom In
--------------- 31 --------------
  Sat Jul 21 11:54:13 MSK 2018
ProcessKeyBinding 400 when=1532163253437 modifiers=0 code=0 char=65(e) false false
--------------- 32 --------------
  Sat Jul 21 11:54:13 MSK 2018
Menu Activated: Window | Zoom In
--------------- 33 --------------
  Sat Jul 21 11:54:13 MSK 2018
ProcessKeyBinding 400 when=1532163253685 modifiers=0 code=0 char=65(e) false false
--------------- 34 --------------
  Sat Jul 21 11:54:18 MSK 2018
Menu Activated: Window | Zoom Out
Currently highlighted: 
    com.sun.electric.tool.user.HighlightEOBJ in cell '5400TP094{sch}': 'CB{ic}[CB@2].mAd067_2'
--------------- 35 --------------
  Sat Jul 21 11:54:18 MSK 2018
ProcessKeyBinding 400 when=1532163258557 modifiers=0 code=0 char=77(w) false false
--------------- 36 --------------
  Sat Jul 21 11:54:18 MSK 2018
Menu Activated: Window | Zoom Out
Currently highlighted: 
    com.sun.electric.tool.user.HighlightEOBJ in cell '5400TP094{sch}': 'CB{ic}[CB@2].mAd067_2'
--------------- 37 --------------
  Sat Jul 21 11:54:18 MSK 2018
ProcessKeyBinding 400 when=1532163258805 modifiers=0 code=0 char=77(w) false false
--------------- 38 --------------
  Sat Jul 21 11:54:19 MSK 2018
ProcessKeyBinding 401 when=1532163259373 modifiers=80 code=11 char=ffff false false
--------------- 39 --------------
  Sat Jul 21 11:54:19 MSK 2018
Menu Activated: Edit | Undo
--------------- 40 --------------
  Sat Jul 21 11:54:19 MSK 2018
ProcessKeyBinding 400 when=1532163259613 modifiers=80 code=0 char=1a false false
--------------- 41 --------------
  Sat Jul 21 11:54:19 MSK 2018
ProcessKeyBinding 402 when=1532163259709 modifiers=0 code=11 char=ffff false false
--------------- 42 --------------
  Sat Jul 21 11:54:23 MSK 2018
Menu Activated: Window | Zoom Out
Currently highlighted: 
    com.sun.electric.tool.user.HighlightEOBJ in cell '5400TP094{sch}': 'CB{ic}[CB@2].mAd067_1'
--------------- 43 --------------
  Sat Jul 21 11:54:23 MSK 2018
ProcessKeyBinding 400 when=1532163263565 modifiers=0 code=0 char=77(w) false false
--------------- 44 --------------
  Sat Jul 21 11:54:23 MSK 2018
Menu Activated: Window | Zoom Out
Currently highlighted: 
    com.sun.electric.tool.user.HighlightEOBJ in cell '5400TP094{sch}': 'CB{ic}[CB@2].mAd067_1'
--------------- 45 --------------
  Sat Jul 21 11:54:23 MSK 2018
ProcessKeyBinding 400 when=1532163263789 modifiers=0 code=0 char=77(w) false false
--------------- 46 --------------
  Sat Jul 21 11:54:24 MSK 2018
Menu Activated: Window | Zoom Out
Currently highlighted: 
    com.sun.electric.tool.user.HighlightEOBJ in cell '5400TP094{sch}': 'CB{ic}[CB@2].mAd067_1'
--------------- 47 --------------
  Sat Jul 21 11:54:24 MSK 2018
ProcessKeyBinding 400 when=1532163264077 modifiers=0 code=0 char=77(w) false false
--------------- 48 --------------
  Sat Jul 21 11:54:27 MSK 2018
Menu Activated: Window | Zoom In
Currently highlighted: 
    com.sun.electric.tool.user.HighlightEOBJ in cell '5400TP094{sch}': 'CB{ic}[CB@2].mAd067_1'
--------------- 49 --------------
  Sat Jul 21 11:54:27 MSK 2018
ProcessKeyBinding 400 when=1532163267725 modifiers=0 code=0 char=65(e) false false
--------------- 50 --------------
  Sat Jul 21 11:54:27 MSK 2018
Menu Activated: Window | Zoom In
Currently highlighted: 
    com.sun.electric.tool.user.HighlightEOBJ in cell '5400TP094{sch}': 'CB{ic}[CB@2].mAd067_1'
--------------- 51 --------------
  Sat Jul 21 11:54:27 MSK 2018
ProcessKeyBinding 400 when=1532163267973 modifiers=0 code=0 char=65(e) false false
--------------- 52 --------------
  Sat Jul 21 11:54:28 MSK 2018
Menu Activated: Window | Zoom In
Currently highlighted: 
    com.sun.electric.tool.user.HighlightEOBJ in cell '5400TP094{sch}': 'CB{ic}[CB@2].mAd067_1'
--------------- 53 --------------
  Sat Jul 21 11:54:28 MSK 2018
ProcessKeyBinding 400 when=1532163268181 modifiers=0 code=0 char=65(e) false false
--------------- 54 --------------
  Sat Jul 21 11:54:29 MSK 2018
Menu Activated: Window | Zoom In
Currently highlighted: 
    com.sun.electric.tool.user.HighlightEOBJ in cell '5400TP094{sch}': 'CB{ic}[CB@2].mAd067_1'
--------------- 55 --------------
  Sat Jul 21 11:54:29 MSK 2018
ProcessKeyBinding 400 when=1532163269189 modifiers=0 code=0 char=65(e) false false
--------------- 56 --------------
  Sat Jul 21 11:54:29 MSK 2018
Menu Activated: Window | Zoom In
Currently highlighted: 
    com.sun.electric.tool.user.HighlightEOBJ in cell '5400TP094{sch}': 'CB{ic}[CB@2].mAd067_1'
--------------- 57 --------------
  Sat Jul 21 11:54:29 MSK 2018
ProcessKeyBinding 400 when=1532163269981 modifiers=0 code=0 char=65(e) false false
--------------- 58 --------------
  Sat Jul 21 11:54:31 MSK 2018
Menu Activated: Window | Zoom Out
Currently highlighted: 
    com.sun.electric.tool.user.HighlightEOBJ in cell '5400TP094{sch}': 'CB{ic}[CB@2].mAd067_1'
--------------- 59 --------------
  Sat Jul 21 11:54:31 MSK 2018
ProcessKeyBinding 400 when=1532163271133 modifiers=0 code=0 char=77(w) false false
--------------- 60 --------------
  Sat Jul 21 11:54:31 MSK 2018
Menu Activated: Window | Zoom Out
Currently highlighted: 
    com.sun.electric.tool.user.HighlightEOBJ in cell '5400TP094{sch}': 'CB{ic}[CB@2].mAd067_1'
--------------- 61 --------------
  Sat Jul 21 11:54:31 MSK 2018
ProcessKeyBinding 400 when=1532163271389 modifiers=0 code=0 char=77(w) false false
--------------- 62 --------------
  Sat Jul 21 11:54:31 MSK 2018
Menu Activated: Window | Zoom Out
Currently highlighted: 
    com.sun.electric.tool.user.HighlightEOBJ in cell '5400TP094{sch}': 'CB{ic}[CB@2].mAd067_1'
--------------- 63 --------------
  Sat Jul 21 11:54:31 MSK 2018
ProcessKeyBinding 400 when=1532163271613 modifiers=0 code=0 char=77(w) false false
--------------- 64 --------------
  Sat Jul 21 11:54:31 MSK 2018
Menu Activated: Window | Zoom Out
Currently highlighted: 
    com.sun.electric.tool.user.HighlightEOBJ in cell '5400TP094{sch}': 'CB{ic}[CB@2].mAd067_1'
--------------- 65 --------------
  Sat Jul 21 11:54:31 MSK 2018
ProcessKeyBinding 400 when=1532163271853 modifiers=0 code=0 char=77(w) false false
--------------- 66 --------------
  Sat Jul 21 11:54:32 MSK 2018
Menu Activated: Window | Zoom Out
Currently highlighted: 
    com.sun.electric.tool.user.HighlightEOBJ in cell '5400TP094{sch}': 'CB{ic}[CB@2].mAd067_1'
--------------- 67 --------------
  Sat Jul 21 11:54:32 MSK 2018
ProcessKeyBinding 400 when=1532163272052 modifiers=0 code=0 char=77(w) false false
--------------- 68 --------------
  Sat Jul 21 11:54:32 MSK 2018
Menu Activated: Window | Zoom Out
Currently highlighted: 
    com.sun.electric.tool.user.HighlightEOBJ in cell '5400TP094{sch}': 'CB{ic}[CB@2].mAd067_1'
--------------- 69 --------------
  Sat Jul 21 11:54:32 MSK 2018
ProcessKeyBinding 400 when=1532163272285 modifiers=0 code=0 char=77(w) false false
--------------- 70 --------------
  Sat Jul 21 11:54:33 MSK 2018
Menu Activated: Window | Zoom In
Currently highlighted: 
    com.sun.electric.tool.user.HighlightEOBJ in cell '5400TP094{sch}': 'CB{ic}[CB@2].mAd067_1'
--------------- 71 --------------
  Sat Jul 21 11:54:33 MSK 2018
ProcessKeyBinding 400 when=1532163273221 modifiers=0 code=0 char=65(e) false false
--------------- 72 --------------
  Sat Jul 21 11:54:33 MSK 2018
Menu Activated: Window | Zoom In
Currently highlighted: 
    com.sun.electric.tool.user.HighlightEOBJ in cell '5400TP094{sch}': 'CB{ic}[CB@2].mAd067_1'
--------------- 73 --------------
  Sat Jul 21 11:54:33 MSK 2018
ProcessKeyBinding 400 when=1532163273685 modifiers=0 code=0 char=65(e) false false
--------------- 74 --------------
  Sat Jul 21 11:54:34 MSK 2018
Menu Activated: Window | Zoom In
Currently highlighted: 
    com.sun.electric.tool.user.HighlightEOBJ in cell '5400TP094{sch}': 'CB{ic}[CB@2].mAd067_1'
--------------- 75 --------------
  Sat Jul 21 11:54:34 MSK 2018
ProcessKeyBinding 400 when=1532163274206 modifiers=0 code=0 char=65(e) false false
--------------- 76 --------------
  Sat Jul 21 11:54:34 MSK 2018
Menu Activated: Window | Zoom In
Currently highlighted: 
    com.sun.electric.tool.user.HighlightEOBJ in cell '5400TP094{sch}': 'CB{ic}[CB@2].mAd067_1'
--------------- 77 --------------
  Sat Jul 21 11:54:34 MSK 2018
ProcessKeyBinding 400 when=1532163274524 modifiers=0 code=0 char=65(e) false false
--------------- 78 --------------
  Sat Jul 21 11:54:35 MSK 2018
Menu Activated: Window | Zoom In
Currently highlighted: 
    com.sun.electric.tool.user.HighlightEOBJ in cell '5400TP094{sch}': 'CB{ic}[CB@2].mAd067_1'
--------------- 79 --------------
  Sat Jul 21 11:54:35 MSK 2018
ProcessKeyBinding 400 when=1532163275102 modifiers=0 code=0 char=65(e) false false
--------------- 80 --------------
  Sat Jul 21 11:54:35 MSK 2018
Menu Activated: Window | Zoom In
Currently highlighted: 
    com.sun.electric.tool.user.HighlightEOBJ in cell '5400TP094{sch}': 'CB{ic}[CB@2].mAd067_1'
--------------- 81 --------------
  Sat Jul 21 11:54:35 MSK 2018
ProcessKeyBinding 400 when=1532163275644 modifiers=0 code=0 char=65(e) false false
--------------- 82 --------------
  Sat Jul 21 11:54:38 MSK 2018
Menu Activated: Window | Zoom Out
Currently highlighted: 
    com.sun.electric.tool.user.HighlightEOBJ in cell '5400TP094{sch}': 'CB{ic}[CB@2].mAd067_1'
--------------- 83 --------------
  Sat Jul 21 11:54:38 MSK 2018
ProcessKeyBinding 400 when=1532163278285 modifiers=0 code=0 char=77(w) false false
--------------- 84 --------------
  Sat Jul 21 11:54:39 MSK 2018
Menu Activated: Window | Zoom In
Currently highlighted: 
    com.sun.electric.tool.user.HighlightEOBJ in cell '5400TP094{sch}': 'CB{ic}[CB@2].mAd067_1'
--------------- 85 --------------
  Sat Jul 21 11:54:39 MSK 2018
ProcessKeyBinding 400 when=1532163279093 modifiers=0 code=0 char=65(e) false false
--------------- 86 --------------
  Sat Jul 21 11:54:41 MSK 2018
Menu Activated: Window | Zoom Out
Currently highlighted: 
    com.sun.electric.tool.user.HighlightEOBJ in cell '5400TP094{sch}': 'CB{ic}[CB@2].mAd067_1'
--------------- 87 --------------
  Sat Jul 21 11:54:41 MSK 2018
ProcessKeyBinding 400 when=1532163281013 modifiers=0 code=0 char=77(w) false false
--------------- 88 --------------
  Sat Jul 21 11:54:41 MSK 2018
Menu Activated: Window | Zoom Out
Currently highlighted: 
    com.sun.electric.tool.user.HighlightEOBJ in cell '5400TP094{sch}': 'CB{ic}[CB@2].mAd067_1'
--------------- 89 --------------
  Sat Jul 21 11:54:41 MSK 2018
ProcessKeyBinding 400 when=1532163281341 modifiers=0 code=0 char=77(w) false false
--------------- 90 --------------
  Sat Jul 21 11:54:41 MSK 2018
Menu Activated: Window | Zoom Out
Currently highlighted: 
    com.sun.electric.tool.user.HighlightEOBJ in cell '5400TP094{sch}': 'CB{ic}[CB@2].mAd067_1'
--------------- 91 --------------
  Sat Jul 21 11:54:41 MSK 2018
ProcessKeyBinding 400 when=1532163281661 modifiers=0 code=0 char=77(w) false false
--------------- 92 --------------
  Sat Jul 21 11:54:44 MSK 2018
Menu Activated: Cell | Down Hierarchy | Down Hierarchy
Currently highlighted: 
    com.sun.electric.tool.user.HighlightEOBJ in cell '5400TP094{sch}': 'CB{ic}[CB@1].mAd256_2'
--------------- 93 --------------
  Sat Jul 21 11:54:44 MSK 2018
ProcessKeyBinding 400 when=1532163284109 modifiers=0 code=0 char=31(1) false false
--------------- 94 --------------
  Sat Jul 21 11:54:45 MSK 2018
Menu Activated: Window | Zoom In
Currently highlighted: 
    com.sun.electric.tool.user.HighlightEOBJ in cell 'CB{sch}': 'basic:iopin{ic}[iopin@121].io'
--------------- 95 --------------
  Sat Jul 21 11:54:45 MSK 2018
ProcessKeyBinding 400 when=1532163285517 modifiers=0 code=0 char=65(e) false false
--------------- 96 --------------
  Sat Jul 21 11:54:45 MSK 2018
Menu Activated: Window | Zoom In
Currently highlighted: 
    com.sun.electric.tool.user.HighlightEOBJ in cell 'CB{sch}': 'basic:iopin{ic}[iopin@121].io'
--------------- 97 --------------
  Sat Jul 21 11:54:45 MSK 2018
ProcessKeyBinding 400 when=1532163285727 modifiers=0 code=0 char=65(e) false false
--------------- 98 --------------
  Sat Jul 21 11:54:46 MSK 2018
Menu Activated: Window | Zoom In
Currently highlighted: 
    com.sun.electric.tool.user.HighlightEOBJ in cell 'CB{sch}': 'basic:iopin{ic}[iopin@121].io'
--------------- 99 --------------
  Sat Jul 21 11:54:46 MSK 2018
ProcessKeyBinding 400 when=1532163286053 modifiers=800 code=0 char=65(e) false false
--------------- 100 --------------
  Sat Jul 21 11:54:46 MSK 2018
Menu Activated: Window | Zoom In
Currently highlighted: 
    com.sun.electric.tool.user.HighlightEOBJ in cell 'CB{sch}': 'basic:iopin{ic}[iopin@121].io'
--------------- 101 --------------
  Sat Jul 21 11:54:46 MSK 2018
ProcessKeyBinding 400 when=1532163286709 modifiers=0 code=0 char=65(e) false false
--------------- 102 --------------
  Sat Jul 21 11:54:48 MSK 2018
Menu Activated: Cell | Up Hierarchy | Up Hierarchy
Currently highlighted: 
    com.sun.electric.tool.user.HighlightEOBJ in cell 'CB{sch}': 'basic:iopin{ic}[iopin@121].io'
--------------- 103 --------------
  Sat Jul 21 11:54:48 MSK 2018
ProcessKeyBinding 400 when=1532163288013 modifiers=0 code=0 char=32(2) false false
--------------- 104 --------------
  Sat Jul 21 11:54:50 MSK 2018
Menu Activated: Edit | Erase | Selected
Currently highlighted: 
    com.sun.electric.tool.user.HighlightEOBJ in cell '5400TP094{sch}': wire['net@14']
--------------- 105 --------------
  Sat Jul 21 11:54:50 MSK 2018
ProcessKeyBinding 400 when=1532163290637 modifiers=0 code=0 char=7f false false
--------------- 106 --------------
  Sat Jul 21 11:54:51 MSK 2018
Menu Activated: Window | Zoom Out
--------------- 107 --------------
  Sat Jul 21 11:54:51 MSK 2018
ProcessKeyBinding 400 when=1532163291149 modifiers=0 code=0 char=77(w) false false
--------------- 108 --------------
  Sat Jul 21 11:54:51 MSK 2018
Menu Activated: Window | Zoom Out
--------------- 109 --------------
  Sat Jul 21 11:54:51 MSK 2018
ProcessKeyBinding 400 when=1532163291365 modifiers=0 code=0 char=77(w) false false
--------------- 110 --------------
  Sat Jul 21 11:54:55 MSK 2018
Menu Activated: Window | Zoom In
Currently highlighted: 
    com.sun.electric.tool.user.HighlightEOBJ in cell '5400TP094{sch}': 'CB{ic}[CB@1].mAd126_1'
--------------- 111 --------------
  Sat Jul 21 11:54:55 MSK 2018
ProcessKeyBinding 400 when=1532163295861 modifiers=0 code=0 char=65(e) false false
--------------- 112 --------------
  Sat Jul 21 11:54:56 MSK 2018
Menu Activated: Window | Zoom In
Currently highlighted: 
    com.sun.electric.tool.user.HighlightEOBJ in cell '5400TP094{sch}': 'CB{ic}[CB@1].mAd126_1'
--------------- 113 --------------
  Sat Jul 21 11:54:56 MSK 2018
ProcessKeyBinding 400 when=1532163296165 modifiers=0 code=0 char=65(e) false false
--------------- 114 --------------
  Sat Jul 21 11:54:56 MSK 2018
Menu Activated: Window | Zoom Out
Currently highlighted: 
    com.sun.electric.tool.user.HighlightEOBJ in cell '5400TP094{sch}': 'CB{ic}[CB@1].mAd126_1'
--------------- 115 --------------
  Sat Jul 21 11:54:56 MSK 2018
ProcessKeyBinding 400 when=1532163296509 modifiers=0 code=0 char=77(w) false false
--------------- 116 --------------
  Sat Jul 21 11:54:56 MSK 2018
Menu Activated: Window | Zoom Out
Currently highlighted: 
    com.sun.electric.tool.user.HighlightEOBJ in cell '5400TP094{sch}': 'CB{ic}[CB@1].mAd126_1'
--------------- 117 --------------
  Sat Jul 21 11:54:56 MSK 2018
ProcessKeyBinding 400 when=1532163296965 modifiers=0 code=0 char=77(w) false false
--------------- 118 --------------
  Sat Jul 21 11:54:57 MSK 2018
Menu Activated: Window | Zoom Out
Currently highlighted: 
    com.sun.electric.tool.user.HighlightEOBJ in cell '5400TP094{sch}': 'CB{ic}[CB@1].mAd126_1'
--------------- 119 --------------
  Sat Jul 21 11:54:57 MSK 2018
ProcessKeyBinding 400 when=1532163297525 modifiers=0 code=0 char=77(w) false false
--------------- 120 --------------
  Sat Jul 21 11:54:57 MSK 2018
Menu Activated: Window | Zoom In
Currently highlighted: 
    com.sun.electric.tool.user.HighlightEOBJ in cell '5400TP094{sch}': 'CB{ic}[CB@1].mAd126_1'
--------------- 121 --------------
  Sat Jul 21 11:54:57 MSK 2018
ProcessKeyBinding 400 when=1532163297637 modifiers=0 code=0 char=65(e) false false
--------------- 122 --------------
  Sat Jul 21 11:54:57 MSK 2018
Menu Activated: Window | Zoom In
Currently highlighted: 
    com.sun.electric.tool.user.HighlightEOBJ in cell '5400TP094{sch}': 'CB{ic}[CB@1].mAd126_1'
--------------- 123 --------------
  Sat Jul 21 11:54:57 MSK 2018
ProcessKeyBinding 400 when=1532163297893 modifiers=0 code=0 char=65(e) false false
--------------- 124 --------------
  Sat Jul 21 11:55:00 MSK 2018
Menu Activated: Edit | Erase | Selected
Currently highlighted: 
    com.sun.electric.tool.user.HighlightEOBJ in cell '5400TP094{sch}': wire['net@11']
    com.sun.electric.tool.user.HighlightEOBJ in cell '5400TP094{sch}': wire['net@12']
    com.sun.electric.tool.user.HighlightEOBJ in cell '5400TP094{sch}': wire['net@13']
--------------- 125 --------------
  Sat Jul 21 11:55:00 MSK 2018
ProcessKeyBinding 400 when=1532163300685 modifiers=0 code=0 char=7f false false
--------------- 126 --------------
  Sat Jul 21 11:55:13 MSK 2018
Menu Activated: Window | Zoom In
--------------- 127 --------------
  Sat Jul 21 11:55:13 MSK 2018
ProcessKeyBinding 400 when=1532163313237 modifiers=0 code=0 char=65(e) false false
--------------- 128 --------------
  Sat Jul 21 11:55:13 MSK 2018
Menu Activated: Window | Zoom In
--------------- 129 --------------
  Sat Jul 21 11:55:13 MSK 2018
ProcessKeyBinding 400 when=1532163313501 modifiers=0 code=0 char=65(e) false false
--------------- 130 --------------
  Sat Jul 21 11:55:14 MSK 2018
Menu Activated: Window | Zoom In
--------------- 131 --------------
  Sat Jul 21 11:55:14 MSK 2018
ProcessKeyBinding 400 when=1532163314101 modifiers=0 code=0 char=65(e) false false
--------------- 132 --------------
  Sat Jul 21 11:55:15 MSK 2018
Menu Activated: Window | Zoom In
--------------- 133 --------------
  Sat Jul 21 11:55:15 MSK 2018
ProcessKeyBinding 400 when=1532163315333 modifiers=0 code=0 char=65(e) false false
--------------- 134 --------------
  Sat Jul 21 11:55:19 MSK 2018
Menu Activated: Cell | Up Hierarchy | Up Hierarchy
--------------- 135 --------------
  Sat Jul 21 11:55:19 MSK 2018
ProcessKeyBinding 400 when=1532163319365 modifiers=0 code=0 char=32(2) false false
--------------- 136 --------------
  Sat Jul 21 11:55:23 MSK 2018
Menu Activated: Window | Zoom In
--------------- 137 --------------
  Sat Jul 21 11:55:23 MSK 2018
ProcessKeyBinding 400 when=1532163323861 modifiers=0 code=0 char=65(e) false false
--------------- 138 --------------
  Sat Jul 21 11:55:24 MSK 2018
Menu Activated: Window | Zoom In
--------------- 139 --------------
  Sat Jul 21 11:55:24 MSK 2018
ProcessKeyBinding 400 when=1532163324237 modifiers=0 code=0 char=65(e) false false
--------------- 140 --------------
  Sat Jul 21 11:55:24 MSK 2018
Menu Activated: Window | Zoom In
--------------- 141 --------------
  Sat Jul 21 11:55:24 MSK 2018
ProcessKeyBinding 400 when=1532163324661 modifiers=0 code=0 char=65(e) false false
--------------- 142 --------------
  Sat Jul 21 11:55:28 MSK 2018
Menu Activated: Window | Zoom Out
--------------- 143 --------------
  Sat Jul 21 11:55:28 MSK 2018
ProcessKeyBinding 400 when=1532163328901 modifiers=0 code=0 char=77(w) false false
--------------- 144 --------------
  Sat Jul 21 11:55:29 MSK 2018
Menu Activated: Window | Zoom Out
--------------- 145 --------------
  Sat Jul 21 11:55:29 MSK 2018
ProcessKeyBinding 400 when=1532163329221 modifiers=0 code=0 char=77(w) false false
--------------- 146 --------------
  Sat Jul 21 11:55:29 MSK 2018
Menu Activated: Window | Zoom Out
--------------- 147 --------------
  Sat Jul 21 11:55:29 MSK 2018
ProcessKeyBinding 400 when=1532163329573 modifiers=0 code=0 char=77(w) false false
--------------- 148 --------------
  Sat Jul 21 11:55:30 MSK 2018
Menu Activated: Window | Zoom In
--------------- 149 --------------
  Sat Jul 21 11:55:30 MSK 2018
ProcessKeyBinding 400 when=1532163330125 modifiers=0 code=0 char=65(e) false false
--------------- 150 --------------
  Sat Jul 21 11:55:30 MSK 2018
Menu Activated: Window | Zoom In
--------------- 151 --------------
  Sat Jul 21 11:55:30 MSK 2018
ProcessKeyBinding 400 when=1532163330341 modifiers=0 code=0 char=65(e) false false
--------------- 152 --------------
  Sat Jul 21 11:55:30 MSK 2018
Menu Activated: Window | Zoom In
--------------- 153 --------------
  Sat Jul 21 11:55:30 MSK 2018
ProcessKeyBinding 400 when=1532163330582 modifiers=0 code=0 char=65(e) false false
--------------- 154 --------------
  Sat Jul 21 11:55:30 MSK 2018
Menu Activated: Window | Zoom In
--------------- 155 --------------
  Sat Jul 21 11:55:30 MSK 2018
ProcessKeyBinding 400 when=1532163330797 modifiers=0 code=0 char=65(e) false false
--------------- 156 --------------
  Sat Jul 21 11:55:32 MSK 2018
ProcessKeyBinding 401 when=1532163332973 modifiers=80 code=11 char=ffff false false
--------------- 157 --------------
  Sat Jul 21 11:55:33 MSK 2018
ProcessKeyBinding 401 when=1532163333472 modifiers=80 code=11 char=ffff false false
--------------- 158 --------------
  Sat Jul 21 11:55:33 MSK 2018
ProcessKeyBinding 401 when=1532163333506 modifiers=80 code=11 char=ffff false false
--------------- 159 --------------
  Sat Jul 21 11:55:33 MSK 2018
ProcessKeyBinding 401 when=1532163333539 modifiers=80 code=11 char=ffff false false
--------------- 160 --------------
  Sat Jul 21 11:55:33 MSK 2018
ProcessKeyBinding 402 when=1532163333541 modifiers=0 code=11 char=ffff false false
--------------- 161 --------------
  Sat Jul 21 11:55:34 MSK 2018
Menu Activated: Window | Zoom Out
Currently highlighted: 
    com.sun.electric.tool.user.HighlightEOBJ in cell 'FPGA{ic}': 'schematic:Bus_Pin[pin@174].bus'
--------------- 162 --------------
  Sat Jul 21 11:55:34 MSK 2018
ProcessKeyBinding 400 when=1532163334797 modifiers=0 code=0 char=77(w) false false
--------------- 163 --------------
  Sat Jul 21 11:55:37 MSK 2018
Menu Activated: Window | Zoom Out
Currently highlighted: 
    com.sun.electric.tool.user.HighlightEOBJ in cell 'FPGA{ic}': 'schematic:Bus_Pin[pin@180].bus'
--------------- 164 --------------
  Sat Jul 21 11:55:37 MSK 2018
ProcessKeyBinding 400 when=1532163337149 modifiers=0 code=0 char=77(w) false false
--------------- 165 --------------
  Sat Jul 21 11:55:37 MSK 2018
Menu Activated: Window | Zoom Out
Currently highlighted: 
    com.sun.electric.tool.user.HighlightEOBJ in cell 'FPGA{ic}': 'schematic:Bus_Pin[pin@180].bus'
--------------- 166 --------------
  Sat Jul 21 11:55:37 MSK 2018
ProcessKeyBinding 400 when=1532163337549 modifiers=0 code=0 char=77(w) false false
--------------- 167 --------------
  Sat Jul 21 11:55:43 MSK 2018
Menu Activated: Window | Zoom In
Currently highlighted: 
    com.sun.electric.tool.user.HighlightEOBJ in cell 'FPGA{ic}': 'schematic:Bus_Pin[pin@193].bus'
--------------- 168 --------------
  Sat Jul 21 11:55:43 MSK 2018
ProcessKeyBinding 400 when=1532163343412 modifiers=0 code=0 char=65(e) false false
--------------- 169 --------------
  Sat Jul 21 11:55:45 MSK 2018
Menu Activated: Window | Zoom Out
Currently highlighted: 
    com.sun.electric.tool.user.HighlightEOBJ in cell 'FPGA{ic}': 'schematic:Bus_Pin[pin@193].bus'
--------------- 170 --------------
  Sat Jul 21 11:55:45 MSK 2018
ProcessKeyBinding 400 when=1532163345445 modifiers=0 code=0 char=77(w) false false
--------------- 171 --------------
  Sat Jul 21 11:55:45 MSK 2018
Menu Activated: Window | Zoom Out
Currently highlighted: 
    com.sun.electric.tool.user.HighlightEOBJ in cell 'FPGA{ic}': 'schematic:Bus_Pin[pin@193].bus'
--------------- 172 --------------
  Sat Jul 21 11:55:45 MSK 2018
ProcessKeyBinding 400 when=1532163345645 modifiers=0 code=0 char=77(w) false false
--------------- 173 --------------
  Sat Jul 21 11:55:45 MSK 2018
Menu Activated: Window | Zoom Out
Currently highlighted: 
    com.sun.electric.tool.user.HighlightEOBJ in cell 'FPGA{ic}': 'schematic:Bus_Pin[pin@193].bus'
--------------- 174 --------------
  Sat Jul 21 11:55:45 MSK 2018
ProcessKeyBinding 400 when=1532163345989 modifiers=0 code=0 char=77(w) false false
--------------- 175 --------------
  Sat Jul 21 11:55:46 MSK 2018
Menu Activated: Window | Zoom In
Currently highlighted: 
    com.sun.electric.tool.user.HighlightEOBJ in cell 'FPGA{ic}': 'schematic:Bus_Pin[pin@193].bus'
--------------- 176 --------------
  Sat Jul 21 11:55:46 MSK 2018
ProcessKeyBinding 400 when=1532163346829 modifiers=0 code=0 char=65(e) false false
--------------- 177 --------------
  Sat Jul 21 11:55:47 MSK 2018
Menu Activated: Window | Zoom In
Currently highlighted: 
    com.sun.electric.tool.user.HighlightEOBJ in cell 'FPGA{ic}': 'schematic:Bus_Pin[pin@193].bus'
--------------- 178 --------------
  Sat Jul 21 11:55:47 MSK 2018
ProcessKeyBinding 400 when=1532163347349 modifiers=0 code=0 char=65(e) false false
--------------- 179 --------------
  Sat Jul 21 11:55:47 MSK 2018
Menu Activated: Window | Zoom In
Currently highlighted: 
    com.sun.electric.tool.user.HighlightEOBJ in cell 'FPGA{ic}': 'schematic:Bus_Pin[pin@193].bus'
--------------- 180 --------------
  Sat Jul 21 11:55:47 MSK 2018
ProcessKeyBinding 400 when=1532163347894 modifiers=0 code=0 char=65(e) false false
--------------- 181 --------------
  Sat Jul 21 11:55:48 MSK 2018
Menu Activated: Window | Zoom In
Currently highlighted: 
    com.sun.electric.tool.user.HighlightEOBJ in cell 'FPGA{ic}': 'schematic:Bus_Pin[pin@193].bus'
--------------- 182 --------------
  Sat Jul 21 11:55:48 MSK 2018
ProcessKeyBinding 400 when=1532163348141 modifiers=0 code=0 char=65(e) false false
--------------- 183 --------------
  Sat Jul 21 11:55:53 MSK 2018
Menu Activated: Window | Zoom Out
Currently highlighted: 
    com.sun.electric.tool.user.HighlightEOBJ in cell 'FPGA{ic}': 'schematic:Bus_Pin[pin@193].bus'
--------------- 184 --------------
  Sat Jul 21 11:55:53 MSK 2018
ProcessKeyBinding 400 when=1532163353061 modifiers=0 code=0 char=77(w) false false
--------------- 185 --------------
  Sat Jul 21 11:55:53 MSK 2018
Menu Activated: Window | Zoom Out
Currently highlighted: 
    com.sun.electric.tool.user.HighlightEOBJ in cell 'FPGA{ic}': 'schematic:Bus_Pin[pin@193].bus'
--------------- 186 --------------
  Sat Jul 21 11:55:53 MSK 2018
ProcessKeyBinding 400 when=1532163353261 modifiers=0 code=0 char=77(w) false false
--------------- 187 --------------
  Sat Jul 21 11:55:53 MSK 2018
Menu Activated: Window | Zoom Out
Currently highlighted: 
    com.sun.electric.tool.user.HighlightEOBJ in cell 'FPGA{ic}': 'schematic:Bus_Pin[pin@193].bus'
--------------- 188 --------------
  Sat Jul 21 11:55:53 MSK 2018
ProcessKeyBinding 400 when=1532163353477 modifiers=0 code=0 char=77(w) false false
--------------- 189 --------------
  Sat Jul 21 11:55:53 MSK 2018
Menu Activated: Window | Zoom Out
Currently highlighted: 
    com.sun.electric.tool.user.HighlightEOBJ in cell 'FPGA{ic}': 'schematic:Bus_Pin[pin@193].bus'
--------------- 190 --------------
  Sat Jul 21 11:55:53 MSK 2018
ProcessKeyBinding 400 when=1532163353677 modifiers=0 code=0 char=77(w) false false
--------------- 191 --------------
  Sat Jul 21 11:55:53 MSK 2018
Menu Activated: Window | Zoom Out
Currently highlighted: 
    com.sun.electric.tool.user.HighlightEOBJ in cell 'FPGA{ic}': 'schematic:Bus_Pin[pin@193].bus'
--------------- 192 --------------
  Sat Jul 21 11:55:53 MSK 2018
ProcessKeyBinding 400 when=1532163353901 modifiers=0 code=0 char=77(w) false false
--------------- 193 --------------
  Sat Jul 21 11:55:54 MSK 2018
Menu Activated: Window | Zoom In
Currently highlighted: 
    com.sun.electric.tool.user.HighlightEOBJ in cell 'FPGA{ic}': 'schematic:Bus_Pin[pin@193].bus'
--------------- 194 --------------
  Sat Jul 21 11:55:54 MSK 2018
ProcessKeyBinding 400 when=1532163354333 modifiers=0 code=0 char=65(e) false false
--------------- 195 --------------
  Sat Jul 21 11:55:55 MSK 2018
Menu Activated: Window | Zoom In
Currently highlighted: 
    com.sun.electric.tool.user.HighlightEOBJ in cell 'FPGA{ic}': 'schematic:Bus_Pin[pin@193].bus'
--------------- 196 --------------
  Sat Jul 21 11:55:55 MSK 2018
ProcessKeyBinding 400 when=1532163355421 modifiers=0 code=0 char=65(e) false false
--------------- 197 --------------
  Sat Jul 21 11:55:55 MSK 2018
Menu Activated: Window | Zoom Out
Currently highlighted: 
    com.sun.electric.tool.user.HighlightEOBJ in cell 'FPGA{ic}': 'schematic:Bus_Pin[pin@193].bus'
--------------- 198 --------------
  Sat Jul 21 11:55:55 MSK 2018
ProcessKeyBinding 400 when=1532163355877 modifiers=0 code=0 char=77(w) false false
--------------- 199 --------------
  Sat Jul 21 11:57:40 MSK 2018
Menu Activated: Window | Zoom In
--------------- 200 --------------
  Sat Jul 21 11:57:40 MSK 2018
ProcessKeyBinding 400 when=1532163460741 modifiers=0 code=0 char=65(e) false false
--------------- 201 --------------
  Sat Jul 21 11:57:57 MSK 2018
Menu Activated: Tools | Simulation (Spice) | Write CDL Deck...
--------------- 202 --------------
  Sat Jul 21 11:58:03 MSK 2018
Menu Activated: Tools | Simulation (Spice) | Simulate
--------------- 203 --------------
  Sat Jul 21 11:58:23 MSK 2018
Menu Activated: Window | Zoom In
Currently highlighted: 
    com.sun.electric.tool.user.HighlightEOBJ in cell '5400TP094{sch}': 'ngspice:vsin{ic}[vsin@0].VSP'
--------------- 204 --------------
  Sat Jul 21 11:58:23 MSK 2018
ProcessKeyBinding 400 when=1532163503885 modifiers=0 code=0 char=65(e) false false
--------------- 205 --------------
  Sat Jul 21 11:58:35 MSK 2018
ProcessKeyBinding 402 when=1532163515644 modifiers=0 code=a char=a false false
--------------- 206 --------------
  Sat Jul 21 11:58:38 MSK 2018
ProcessKeyBinding 402 when=1532163518341 modifiers=0 code=a char=a false false
--------------- 207 --------------
  Sat Jul 21 11:58:41 MSK 2018
Menu Activated: Tools | Simulation (Spice) | Simulate
Currently highlighted: 
    com.sun.electric.tool.user.HighlightEOBJ in cell '5400TP094{sch}': wire['out2']
--------------- 208 --------------
  Sat Jul 21 11:59:04 MSK 2018
Menu Activated: Window | Zoom In
Currently highlighted: 
    com.sun.electric.tool.user.HighlightEOBJ in cell '5400TP094{sch}': wire['out2']
--------------- 209 --------------
  Sat Jul 21 11:59:04 MSK 2018
ProcessKeyBinding 400 when=1532163544588 modifiers=0 code=0 char=65(e) false false
--------------- 210 --------------
  Sat Jul 21 11:59:05 MSK 2018
ProcessKeyBinding 401 when=1532163545868 modifiers=0 code=31 char=31(1) false true
--------------- 211 --------------
  Sat Jul 21 11:59:05 MSK 2018
ProcessKeyBinding 402 when=1532163545948 modifiers=0 code=31 char=31(1) false true
--------------- 212 --------------
  Sat Jul 21 11:59:06 MSK 2018
ProcessKeyBinding 401 when=1532163546332 modifiers=0 code=2e char=2e(.) false true
--------------- 213 --------------
  Sat Jul 21 11:59:06 MSK 2018
ProcessKeyBinding 402 when=1532163546396 modifiers=0 code=2e char=2e(.) false true
--------------- 214 --------------
  Sat Jul 21 11:59:06 MSK 2018
ProcessKeyBinding 401 when=1532163546685 modifiers=0 code=35 char=35(5) false true
--------------- 215 --------------
  Sat Jul 21 11:59:06 MSK 2018
ProcessKeyBinding 402 when=1532163546773 modifiers=0 code=35 char=35(5) false true
--------------- 216 --------------
  Sat Jul 21 11:59:07 MSK 2018
ProcessKeyBinding 401 when=1532163547765 modifiers=0 code=31 char=31(1) false true
--------------- 217 --------------
  Sat Jul 21 11:59:07 MSK 2018
ProcessKeyBinding 402 when=1532163547861 modifiers=0 code=31 char=31(1) false true
--------------- 218 --------------
  Sat Jul 21 11:59:08 MSK 2018
ProcessKeyBinding 401 when=1532163548813 modifiers=0 code=31 char=31(1) false true
--------------- 219 --------------
  Sat Jul 21 11:59:08 MSK 2018
ProcessKeyBinding 402 when=1532163548885 modifiers=0 code=31 char=31(1) false true
--------------- 220 --------------
  Sat Jul 21 11:59:09 MSK 2018
ProcessKeyBinding 401 when=1532163549317 modifiers=0 code=4b char=6b(k) false true
--------------- 221 --------------
  Sat Jul 21 11:59:09 MSK 2018
ProcessKeyBinding 402 when=1532163549397 modifiers=0 code=4b char=6b(k) false true
--------------- 222 --------------
  Sat Jul 21 11:59:12 MSK 2018
ProcessKeyBinding 401 when=1532163552453 modifiers=0 code=31 char=31(1) false true
--------------- 223 --------------
  Sat Jul 21 11:59:12 MSK 2018
ProcessKeyBinding 402 when=1532163552532 modifiers=0 code=31 char=31(1) false true
--------------- 224 --------------
  Sat Jul 21 11:59:12 MSK 2018
ProcessKeyBinding 401 when=1532163552924 modifiers=0 code=55 char=75(u) false true
--------------- 225 --------------
  Sat Jul 21 11:59:13 MSK 2018
ProcessKeyBinding 402 when=1532163553029 modifiers=0 code=55 char=75(u) false true
--------------- 226 --------------
  Sat Jul 21 11:59:14 MSK 2018
ProcessKeyBinding 401 when=1532163554508 modifiers=0 code=30 char=30(0) false true
--------------- 227 --------------
  Sat Jul 21 11:59:14 MSK 2018
ProcessKeyBinding 402 when=1532163554581 modifiers=0 code=30 char=30(0) false true
--------------- 228 --------------
  Sat Jul 21 11:59:15 MSK 2018
Menu Activated: Window | Zoom Out
Currently highlighted: 
    Parameter 'THETA' on node ngspice:vsin{ic}['vsin@0']
--------------- 229 --------------
  Sat Jul 21 11:59:15 MSK 2018
ProcessKeyBinding 400 when=1532163555197 modifiers=0 code=0 char=77(w) false false
--------------- 230 --------------
  Sat Jul 21 11:59:15 MSK 2018
Menu Activated: Window | Zoom Out
Currently highlighted: 
    Parameter 'THETA' on node ngspice:vsin{ic}['vsin@0']
--------------- 231 --------------
  Sat Jul 21 11:59:15 MSK 2018
ProcessKeyBinding 400 when=1532163555365 modifiers=0 code=0 char=77(w) false false
--------------- 232 --------------
  Sat Jul 21 11:59:15 MSK 2018
Menu Activated: Window | Zoom Out
Currently highlighted: 
    Parameter 'THETA' on node ngspice:vsin{ic}['vsin@0']
--------------- 233 --------------
  Sat Jul 21 11:59:15 MSK 2018
ProcessKeyBinding 400 when=1532163555533 modifiers=0 code=0 char=77(w) false false
--------------- 234 --------------
  Sat Jul 21 11:59:15 MSK 2018
Menu Activated: Window | Zoom Out
Currently highlighted: 
    Parameter 'THETA' on node ngspice:vsin{ic}['vsin@0']
--------------- 235 --------------
  Sat Jul 21 11:59:15 MSK 2018
ProcessKeyBinding 400 when=1532163555717 modifiers=0 code=0 char=77(w) false false
--------------- 236 --------------
  Sat Jul 21 11:59:16 MSK 2018
Menu Activated: Window | Zoom Out
Currently highlighted: 
    Parameter 'THETA' on node ngspice:vsin{ic}['vsin@0']
--------------- 237 --------------
  Sat Jul 21 11:59:16 MSK 2018
ProcessKeyBinding 400 when=1532163556469 modifiers=0 code=0 char=77(w) false false
--------------- 238 --------------
  Sat Jul 21 11:59:17 MSK 2018
Menu Activated: Window | Zoom In
Currently highlighted: 
    Parameter 'THETA' on node ngspice:vsin{ic}['vsin@0']
--------------- 239 --------------
  Sat Jul 21 11:59:17 MSK 2018
ProcessKeyBinding 400 when=1532163557180 modifiers=0 code=0 char=65(e) false false
--------------- 240 --------------
  Sat Jul 21 11:59:19 MSK 2018
Menu Activated: Window | Zoom In
Currently highlighted: 
    com.sun.electric.tool.user.HighlightEOBJ in cell '5400TP094{sch}': ngspice:5400TP035_core{ic}['5400TP03@0']
--------------- 241 --------------
  Sat Jul 21 11:59:19 MSK 2018
ProcessKeyBinding 400 when=1532163559261 modifiers=0 code=0 char=65(e) false false
--------------- 242 --------------
  Sat Jul 21 11:59:19 MSK 2018
Menu Activated: Window | Zoom In
Currently highlighted: 
    com.sun.electric.tool.user.HighlightEOBJ in cell '5400TP094{sch}': ngspice:5400TP035_core{ic}['5400TP03@0']
--------------- 243 --------------
  Sat Jul 21 11:59:19 MSK 2018
ProcessKeyBinding 400 when=1532163559461 modifiers=0 code=0 char=65(e) false false
--------------- 244 --------------
  Sat Jul 21 11:59:22 MSK 2018
Menu Activated: Window | Zoom Out
--------------- 245 --------------
  Sat Jul 21 11:59:22 MSK 2018
ProcessKeyBinding 400 when=1532163562853 modifiers=0 code=0 char=77(w) false false
--------------- 246 --------------
  Sat Jul 21 11:59:23 MSK 2018
Menu Activated: Window | Zoom In
--------------- 247 --------------
  Sat Jul 21 11:59:23 MSK 2018
ProcessKeyBinding 400 when=1532163563732 modifiers=0 code=0 char=65(e) false false
--------------- 248 --------------
  Sat Jul 21 11:59:27 MSK 2018
ProcessKeyBinding 401 when=1532163567773 modifiers=0 code=62 char=32(2) false true
--------------- 249 --------------
  Sat Jul 21 11:59:27 MSK 2018
ProcessKeyBinding 401 when=1532163567900 modifiers=0 code=60 char=30(0) false true
--------------- 250 --------------
  Sat Jul 21 11:59:27 MSK 2018
ProcessKeyBinding 402 when=1532163567924 modifiers=0 code=62 char=32(2) false true
--------------- 251 --------------
  Sat Jul 21 11:59:27 MSK 2018
ProcessKeyBinding 402 when=1532163567997 modifiers=0 code=60 char=30(0) false true
--------------- 252 --------------
  Sat Jul 21 11:59:31 MSK 2018
Menu Activated: Tools | Simulation (Spice) | Simulate
Currently highlighted: 
    Parameter 'tstop' on node ngspice:5400TP035_core{ic}['5400TP03@0']
--------------- 253 --------------
  Sat Jul 21 12:00:02 MSK 2018
Menu Activated: Write Spice Deck...
Currently highlighted: 
    Parameter 'tstop' on node ngspice:5400TP035_core{ic}['5400TP03@0']
--------------- 254 --------------
  Sat Jul 21 12:00:19 MSK 2018
Menu Activated: File | Preferences...
Currently highlighted: 
    Parameter 'tstop' on node ngspice:5400TP035_core{ic}['5400TP03@0']
--------------- 255 --------------
  Sat Jul 21 12:00:36 MSK 2018
Menu Activated: Tools | Simulation (Spice) | Simulate
Currently highlighted: 
    Parameter 'tstop' on node ngspice:5400TP035_core{ic}['5400TP03@0']
